[debug] [2021-02-03T18:32:10.961Z] ----------------------------------------------------------------------
[debug] [2021-02-03T18:32:10.963Z] Command:       C:\Program Files\nodejs\node.exe C:\Users\91766\AppData\Roaming\npm\node_modules\firebase-tools\lib\bin\firebase.js deploy
[debug] [2021-02-03T18:32:10.964Z] CLI Version:   9.2.2
[debug] [2021-02-03T18:32:10.964Z] Platform:      win32
[debug] [2021-02-03T18:32:10.964Z] Node Version:  v12.16.2
[debug] [2021-02-03T18:32:10.968Z] Time:          Thu Feb 04 2021 00:02:10 GMT+0530 (India Standard Time)
[debug] [2021-02-03T18:32:10.969Z] ----------------------------------------------------------------------
[debug] [2021-02-03T18:32:10.969Z] 
[debug] [2021-02-03T18:32:10.972Z] >>> [apiv2][query] GET https://firebase-public.firebaseio.com/cli.json [none]
[debug] [2021-02-03T18:32:10.996Z] > command requires scopes: ["email","openid","https://www.googleapis.com/auth/cloudplatformprojects.readonly","https://www.googleapis.com/auth/firebase","https://www.googleapis.com/auth/cloud-platform"]
[debug] [2021-02-03T18:32:10.997Z] > authorizing via signed-in user
[debug] [2021-02-03T18:32:10.997Z] [iam] checking project flutter-firebase-learnin-f2cae for permissions ["firebase.projects.get","firebasedatabase.instances.update","firebasehosting.sites.update"]
[debug] [2021-02-03T18:32:10.999Z] > refreshing access token with scopes: ["email","https://www.googleapis.com/auth/cloud-platform","https://www.googleapis.com/auth/cloudplatformprojects.readonly","https://www.googleapis.com/auth/firebase","openid"]
[debug] [2021-02-03T18:32:10.999Z] >>> HTTP REQUEST POST https://www.googleapis.com/oauth2/v3/token  
 <request body omitted>
[debug] [2021-02-03T18:32:11.536Z] <<< HTTP RESPONSE 200 {"cache-control":"no-cache, no-store, max-age=0, must-revalidate","expires":"Mon, 01 Jan 1990 00:00:00 GMT","pragma":"no-cache","date":"Wed, 03 Feb 2021 18:32:13 GMT","content-type":"application/json; charset=utf-8","vary":"X-Origin, Referer, Origin,Accept-Encoding","server":"scaffolding on HTTPServer2","x-xss-protection":"0","x-frame-options":"SAMEORIGIN","x-content-type-options":"nosniff","alt-svc":"h3-29=\":443\"; ma=2592000,h3-T051=\":443\"; ma=2592000,h3-Q050=\":443\"; ma=2592000,h3-Q046=\":443\"; ma=2592000,h3-Q043=\":443\"; ma=2592000,quic=\":443\"; ma=2592000; v=\"46,43\"","accept-ranges":"none","transfer-encoding":"chunked"}
[debug] [2021-02-03T18:32:11.542Z] >>> HTTP REQUEST POST https://cloudresourcemanager.googleapis.com/v1/projects/flutter-firebase-learnin-f2cae:testIamPermissions  
 {"permissions":["firebase.projects.get","firebasedatabase.instances.update","firebasehosting.sites.update"]}
[debug] [2021-02-03T18:32:12.140Z] <<< [apiv2][status] GET https://firebase-public.firebaseio.com/cli.json 200
[debug] [2021-02-03T18:32:12.141Z] <<< [apiv2][body] GET https://firebase-public.firebaseio.com/cli.json {"cloudBuildErrorAfter":1594252800000,"cloudBuildWarnAfter":1590019200000,"defaultNode10After":1594252800000,"minVersion":"3.0.5","node8DeploysDisabledAfter":1613390400000,"node8RuntimeDisabledAfter":1615809600000,"node8WarnAfter":1600128000000}
[debug] [2021-02-03T18:32:13.386Z] <<< HTTP RESPONSE 200 {"content-type":"application/json; charset=UTF-8","vary":"X-Origin, Referer, Origin,Accept-Encoding","date":"Wed, 03 Feb 2021 18:32:14 GMT","server":"ESF","cache-control":"private","x-xss-protection":"0","x-frame-options":"SAMEORIGIN","x-content-type-options":"nosniff","server-timing":"gfet4t7; dur=1362","alt-svc":"h3-29=\":443\"; ma=2592000,h3-T051=\":443\"; ma=2592000,h3-Q050=\":443\"; ma=2592000,h3-Q046=\":443\"; ma=2592000,h3-Q043=\":443\"; ma=2592000,quic=\":443\"; ma=2592000; v=\"46,43\"","accept-ranges":"none","transfer-encoding":"chunked"}
[debug] [2021-02-03T18:32:13.387Z] > refreshing access token with scopes: []
[debug] [2021-02-03T18:32:13.387Z] >>> HTTP REQUEST POST https://www.googleapis.com/oauth2/v3/token  
 <request body omitted>
[debug] [2021-02-03T18:32:13.829Z] <<< HTTP RESPONSE 200 {"expires":"Mon, 01 Jan 1990 00:00:00 GMT","pragma":"no-cache","date":"Wed, 03 Feb 2021 18:32:15 GMT","cache-control":"no-cache, no-store, max-age=0, must-revalidate","content-type":"application/json; charset=utf-8","vary":"X-Origin, Referer, Origin,Accept-Encoding","server":"scaffolding on HTTPServer2","x-xss-protection":"0","x-frame-options":"SAMEORIGIN","x-content-type-options":"nosniff","alt-svc":"h3-29=\":443\"; ma=2592000,h3-T051=\":443\"; ma=2592000,h3-Q050=\":443\"; ma=2592000,h3-Q046=\":443\"; ma=2592000,h3-Q043=\":443\"; ma=2592000,quic=\":443\"; ma=2592000; v=\"46,43\"","accept-ranges":"none","transfer-encoding":"chunked"}
[debug] [2021-02-03T18:32:13.834Z] >>> [apiv2][query] GET https://firebase.googleapis.com/v1beta1/projects/flutter-firebase-learnin-f2cae [none]
[debug] [2021-02-03T18:32:14.636Z] <<< [apiv2][status] GET https://firebase.googleapis.com/v1beta1/projects/flutter-firebase-learnin-f2cae 200
[debug] [2021-02-03T18:32:14.636Z] <<< [apiv2][body] GET https://firebase.googleapis.com/v1beta1/projects/flutter-firebase-learnin-f2cae {"projectId":"flutter-firebase-learnin-f2cae","projectNumber":"162279082779","displayName":"Flutter Firebase Learning","name":"projects/flutter-firebase-learnin-f2cae","resources":{"hostingSite":"flutter-firebase-learnin-f2cae","realtimeDatabaseInstance":"flutter-firebase-learnin-f2cae-default-rtdb"},"state":"ACTIVE"}
[debug] [2021-02-03T18:32:14.636Z] >>> [apiv2][query] GET https://firebase.googleapis.com/v1beta1/projects/flutter-firebase-learnin-f2cae [none]
[debug] [2021-02-03T18:32:15.577Z] <<< [apiv2][status] GET https://firebase.googleapis.com/v1beta1/projects/flutter-firebase-learnin-f2cae 200
[debug] [2021-02-03T18:32:15.577Z] <<< [apiv2][body] GET https://firebase.googleapis.com/v1beta1/projects/flutter-firebase-learnin-f2cae {"projectId":"flutter-firebase-learnin-f2cae","projectNumber":"162279082779","displayName":"Flutter Firebase Learning","name":"projects/flutter-firebase-learnin-f2cae","resources":{"hostingSite":"flutter-firebase-learnin-f2cae","realtimeDatabaseInstance":"flutter-firebase-learnin-f2cae-default-rtdb"},"state":"ACTIVE"}
[info] 
[info] === Deploying to 'flutter-firebase-learnin-f2cae'...
[info] 
[info] i  deploying database, hosting 
[info] i  database: checking rules syntax... 
[debug] [2021-02-03T18:32:15.604Z] > refreshing access token with scopes: ["email","https://www.googleapis.com/auth/cloud-platform","https://www.googleapis.com/auth/cloudplatformprojects.readonly","https://www.googleapis.com/auth/firebase","openid"]
[debug] [2021-02-03T18:32:15.605Z] >>> HTTP REQUEST POST https://www.googleapis.com/oauth2/v3/token  
 <request body omitted>
[debug] [2021-02-03T18:32:16.544Z] <<< HTTP RESPONSE 200 {"cache-control":"no-cache, no-store, max-age=0, must-revalidate","date":"Wed, 03 Feb 2021 18:32:17 GMT","pragma":"no-cache","expires":"Mon, 01 Jan 1990 00:00:00 GMT","content-type":"application/json; charset=utf-8","vary":"X-Origin, Referer, Origin,Accept-Encoding","server":"scaffolding on HTTPServer2","x-xss-protection":"0","x-frame-options":"SAMEORIGIN","x-content-type-options":"nosniff","alt-svc":"h3-29=\":443\"; ma=2592000,h3-T051=\":443\"; ma=2592000,h3-Q050=\":443\"; ma=2592000,h3-Q046=\":443\"; ma=2592000,h3-Q043=\":443\"; ma=2592000,quic=\":443\"; ma=2592000; v=\"46,43\"","accept-ranges":"none","transfer-encoding":"chunked"}
[debug] [2021-02-03T18:32:16.548Z] >>> HTTP REQUEST GET https://firebasedatabase.googleapis.com/v1beta/projects/flutter-firebase-learnin-f2cae/locations/-/instances/flutter-firebase-learnin-f2cae-default-rtdb  
 
[debug] [2021-02-03T18:32:17.505Z] <<< HTTP RESPONSE 200 {"content-type":"application/json; charset=UTF-8","vary":"X-Origin, Referer, Origin,Accept-Encoding","date":"Wed, 03 Feb 2021 18:32:18 GMT","server":"ESF","cache-control":"private","x-xss-protection":"0","x-frame-options":"SAMEORIGIN","x-content-type-options":"nosniff","alt-svc":"h3-29=\":443\"; ma=2592000,h3-T051=\":443\"; ma=2592000,h3-Q050=\":443\"; ma=2592000,h3-Q046=\":443\"; ma=2592000,h3-Q043=\":443\"; ma=2592000,quic=\":443\"; ma=2592000; v=\"46,43\"","accept-ranges":"none","transfer-encoding":"chunked"}
[debug] [2021-02-03T18:32:17.507Z] >>> HTTP REQUEST PUT https://flutter-firebase-learnin-f2cae-default-rtdb.firebaseio.com/.settings/rules.json?dryRun=true  
 {
  "rules": {
    ".read": "auth !== null",  
    ".write": "auth !== null"
  }
}
[debug] [2021-02-03T18:32:19.734Z] <<< HTTP RESPONSE 200 {"server":"nginx","date":"Wed, 03 Feb 2021 18:32:21 GMT","content-type":"application/json; charset=utf-8","content-length":"15","connection":"keep-alive","access-control-allow-origin":"*","cache-control":"no-cache","strict-transport-security":"max-age=31556926; includeSubDomains; preload"}
[info] +  database: rules syntax for database flutter-firebase-learnin-f2cae-default-rtdb is valid 
[debug] [2021-02-03T18:32:19.739Z] >>> HTTP REQUEST POST https://firebasehosting.googleapis.com/v1beta1/sites/flutter-firebase-learnin-f2cae/versions  
 {"config":{"rewrites":[{"glob":"**","path":"/index.html"}]},"labels":{"deployment-tool":"cli-firebase"}}
[debug] [2021-02-03T18:32:40.976Z] Error: connect ETIMEDOUT 216.58.200.138:443
    at TCPConnectWrap.afterConnect [as oncomplete] (net.js:1141:16)
[error] 
[error] Error: Server Error. connect ETIMEDOUT 216.58.200.138:443
[debug] [2021-02-03T18:32:48.599Z] ----------------------------------------------------------------------
[debug] [2021-02-03T18:32:48.601Z] Command:       C:\Program Files\nodejs\node.exe C:\Users\91766\AppData\Roaming\npm\node_modules\firebase-tools\lib\bin\firebase.js deploy
[debug] [2021-02-03T18:32:48.601Z] CLI Version:   9.2.2
[debug] [2021-02-03T18:32:48.601Z] Platform:      win32
[debug] [2021-02-03T18:32:48.601Z] Node Version:  v12.16.2
[debug] [2021-02-03T18:32:48.602Z] Time:          Thu Feb 04 2021 00:02:48 GMT+0530 (India Standard Time)
[debug] [2021-02-03T18:32:48.603Z] ----------------------------------------------------------------------
[debug] [2021-02-03T18:32:48.603Z] 
[debug] [2021-02-03T18:32:48.611Z] > command requires scopes: ["email","openid","https://www.googleapis.com/auth/cloudplatformprojects.readonly","https://www.googleapis.com/auth/firebase","https://www.googleapis.com/auth/cloud-platform"]
[debug] [2021-02-03T18:32:48.611Z] > authorizing via signed-in user
[debug] [2021-02-03T18:32:48.611Z] [iam] checking project flutter-firebase-learnin-f2cae for permissions ["firebase.projects.get","firebasedatabase.instances.update","firebasehosting.sites.update"]
[debug] [2021-02-03T18:32:48.615Z] >>> HTTP REQUEST POST https://cloudresourcemanager.googleapis.com/v1/projects/flutter-firebase-learnin-f2cae:testIamPermissions  
 {"permissions":["firebase.projects.get","firebasedatabase.instances.update","firebasehosting.sites.update"]}
[debug] [2021-02-03T18:32:50.458Z] <<< HTTP RESPONSE 200 {"content-type":"application/json; charset=UTF-8","vary":"X-Origin, Referer, Origin,Accept-Encoding","date":"Wed, 03 Feb 2021 18:32:51 GMT","server":"ESF","cache-control":"private","x-xss-protection":"0","x-frame-options":"SAMEORIGIN","x-content-type-options":"nosniff","server-timing":"gfet4t7; dur=1331","alt-svc":"h3-29=\":443\"; ma=2592000,h3-T051=\":443\"; ma=2592000,h3-Q050=\":443\"; ma=2592000,h3-Q046=\":443\"; ma=2592000,h3-Q043=\":443\"; ma=2592000,quic=\":443\"; ma=2592000; v=\"46,43\"","accept-ranges":"none","transfer-encoding":"chunked"}
[debug] [2021-02-03T18:32:50.460Z] > refreshing access token with scopes: []
[debug] [2021-02-03T18:32:50.460Z] >>> HTTP REQUEST POST https://www.googleapis.com/oauth2/v3/token  
 <request body omitted>
[debug] [2021-02-03T18:32:50.943Z] <<< HTTP RESPONSE 200 {"expires":"Mon, 01 Jan 1990 00:00:00 GMT","pragma":"no-cache","date":"Wed, 03 Feb 2021 18:32:52 GMT","cache-control":"no-cache, no-store, max-age=0, must-revalidate","content-type":"application/json; charset=utf-8","vary":"X-Origin, Referer, Origin,Accept-Encoding","server":"scaffolding on HTTPServer2","x-xss-protection":"0","x-frame-options":"SAMEORIGIN","x-content-type-options":"nosniff","alt-svc":"h3-29=\":443\"; ma=2592000,h3-T051=\":443\"; ma=2592000,h3-Q050=\":443\"; ma=2592000,h3-Q046=\":443\"; ma=2592000,h3-Q043=\":443\"; ma=2592000,quic=\":443\"; ma=2592000; v=\"46,43\"","accept-ranges":"none","transfer-encoding":"chunked"}
[debug] [2021-02-03T18:32:50.950Z] >>> [apiv2][query] GET https://firebase.googleapis.com/v1beta1/projects/flutter-firebase-learnin-f2cae [none]
[debug] [2021-02-03T18:32:51.739Z] <<< [apiv2][status] GET https://firebase.googleapis.com/v1beta1/projects/flutter-firebase-learnin-f2cae 200
[debug] [2021-02-03T18:32:51.740Z] <<< [apiv2][body] GET https://firebase.googleapis.com/v1beta1/projects/flutter-firebase-learnin-f2cae {"projectId":"flutter-firebase-learnin-f2cae","projectNumber":"162279082779","displayName":"Flutter Firebase Learning","name":"projects/flutter-firebase-learnin-f2cae","resources":{"hostingSite":"flutter-firebase-learnin-f2cae","realtimeDatabaseInstance":"flutter-firebase-learnin-f2cae-default-rtdb"},"state":"ACTIVE"}
[debug] [2021-02-03T18:32:51.740Z] >>> [apiv2][query] GET https://firebase.googleapis.com/v1beta1/projects/flutter-firebase-learnin-f2cae [none]
[debug] [2021-02-03T18:32:52.387Z] <<< [apiv2][status] GET https://firebase.googleapis.com/v1beta1/projects/flutter-firebase-learnin-f2cae 200
[debug] [2021-02-03T18:32:52.387Z] <<< [apiv2][body] GET https://firebase.googleapis.com/v1beta1/projects/flutter-firebase-learnin-f2cae {"projectId":"flutter-firebase-learnin-f2cae","projectNumber":"162279082779","displayName":"Flutter Firebase Learning","name":"projects/flutter-firebase-learnin-f2cae","resources":{"hostingSite":"flutter-firebase-learnin-f2cae","realtimeDatabaseInstance":"flutter-firebase-learnin-f2cae-default-rtdb"},"state":"ACTIVE"}
[info] 
[info] === Deploying to 'flutter-firebase-learnin-f2cae'...
[info] 
[info] i  deploying database, hosting 
[info] i  database: checking rules syntax... 
[debug] [2021-02-03T18:32:52.398Z] > refreshing access token with scopes: ["email","https://www.googleapis.com/auth/cloud-platform","https://www.googleapis.com/auth/cloudplatformprojects.readonly","https://www.googleapis.com/auth/firebase","openid"]
[debug] [2021-02-03T18:32:52.398Z] >>> HTTP REQUEST POST https://www.googleapis.com/oauth2/v3/token  
 <request body omitted>
[debug] [2021-02-03T18:32:52.831Z] <<< HTTP RESPONSE 200 {"pragma":"no-cache","date":"Wed, 03 Feb 2021 18:32:54 GMT","expires":"Mon, 01 Jan 1990 00:00:00 GMT","cache-control":"no-cache, no-store, max-age=0, must-revalidate","content-type":"application/json; charset=utf-8","vary":"X-Origin, Referer, Origin,Accept-Encoding","server":"scaffolding on HTTPServer2","x-xss-protection":"0","x-frame-options":"SAMEORIGIN","x-content-type-options":"nosniff","alt-svc":"h3-29=\":443\"; ma=2592000,h3-T051=\":443\"; ma=2592000,h3-Q050=\":443\"; ma=2592000,h3-Q046=\":443\"; ma=2592000,h3-Q043=\":443\"; ma=2592000,quic=\":443\"; ma=2592000; v=\"46,43\"","accept-ranges":"none","transfer-encoding":"chunked"}
[debug] [2021-02-03T18:32:52.836Z] >>> HTTP REQUEST GET https://firebasedatabase.googleapis.com/v1beta/projects/flutter-firebase-learnin-f2cae/locations/-/instances/flutter-firebase-learnin-f2cae-default-rtdb  
 
[debug] [2021-02-03T18:32:53.656Z] <<< HTTP RESPONSE 200 {"content-type":"application/json; charset=UTF-8","vary":"X-Origin, Referer, Origin,Accept-Encoding","date":"Wed, 03 Feb 2021 18:32:55 GMT","server":"ESF","cache-control":"private","x-xss-protection":"0","x-frame-options":"SAMEORIGIN","x-content-type-options":"nosniff","alt-svc":"h3-29=\":443\"; ma=2592000,h3-T051=\":443\"; ma=2592000,h3-Q050=\":443\"; ma=2592000,h3-Q046=\":443\"; ma=2592000,h3-Q043=\":443\"; ma=2592000,quic=\":443\"; ma=2592000; v=\"46,43\"","accept-ranges":"none","transfer-encoding":"chunked"}
[debug] [2021-02-03T18:32:53.658Z] >>> HTTP REQUEST PUT https://flutter-firebase-learnin-f2cae-default-rtdb.firebaseio.com/.settings/rules.json?dryRun=true  
 {
  "rules": {
    ".read": "auth !== null",  
    ".write": "auth !== null"
  }
}
[debug] [2021-02-03T18:32:54.965Z] <<< HTTP RESPONSE 200 {"server":"nginx","date":"Wed, 03 Feb 2021 18:32:56 GMT","content-type":"application/json; charset=utf-8","content-length":"15","connection":"keep-alive","access-control-allow-origin":"*","cache-control":"no-cache","strict-transport-security":"max-age=31556926; includeSubDomains; preload"}
[info] +  database: rules syntax for database flutter-firebase-learnin-f2cae-default-rtdb is valid 
[debug] [2021-02-03T18:32:54.968Z] >>> HTTP REQUEST POST https://firebasehosting.googleapis.com/v1beta1/sites/flutter-firebase-learnin-f2cae/versions  
 {"config":{"rewrites":[{"glob":"**","path":"/index.html"}]},"labels":{"deployment-tool":"cli-firebase"}}
[debug] [2021-02-03T18:33:15.977Z] Error: connect ETIMEDOUT 216.58.200.138:443
    at TCPConnectWrap.afterConnect [as oncomplete] (net.js:1141:16)
[error] 
[error] Error: Server Error. connect ETIMEDOUT 216.58.200.138:443
[debug] [2021-02-03T18:33:36.964Z] ----------------------------------------------------------------------
[debug] [2021-02-03T18:33:36.966Z] Command:       C:\Program Files\nodejs\node.exe C:\Users\91766\AppData\Roaming\npm\node_modules\firebase-tools\lib\bin\firebase.js deploy
[debug] [2021-02-03T18:33:36.966Z] CLI Version:   9.2.2
[debug] [2021-02-03T18:33:36.966Z] Platform:      win32
[debug] [2021-02-03T18:33:36.966Z] Node Version:  v12.16.2
[debug] [2021-02-03T18:33:36.967Z] Time:          Thu Feb 04 2021 00:03:36 GMT+0530 (India Standard Time)
[debug] [2021-02-03T18:33:36.967Z] ----------------------------------------------------------------------
[debug] [2021-02-03T18:33:36.967Z] 
[debug] [2021-02-03T18:33:36.975Z] > command requires scopes: ["email","openid","https://www.googleapis.com/auth/cloudplatformprojects.readonly","https://www.googleapis.com/auth/firebase","https://www.googleapis.com/auth/cloud-platform"]
[debug] [2021-02-03T18:33:36.976Z] > authorizing via signed-in user
[debug] [2021-02-03T18:33:36.976Z] [iam] checking project flutter-firebase-learnin-f2cae for permissions ["firebase.projects.get","firebasedatabase.instances.update","firebasehosting.sites.update"]
[debug] [2021-02-03T18:33:36.978Z] >>> HTTP REQUEST POST https://cloudresourcemanager.googleapis.com/v1/projects/flutter-firebase-learnin-f2cae:testIamPermissions  
 {"permissions":["firebase.projects.get","firebasedatabase.instances.update","firebasehosting.sites.update"]}
[debug] [2021-02-03T18:33:38.778Z] <<< HTTP RESPONSE 200 {"content-type":"application/json; charset=UTF-8","vary":"X-Origin, Referer, Origin,Accept-Encoding","date":"Wed, 03 Feb 2021 18:33:40 GMT","server":"ESF","cache-control":"private","x-xss-protection":"0","x-frame-options":"SAMEORIGIN","x-content-type-options":"nosniff","server-timing":"gfet4t7; dur=1370","alt-svc":"h3-29=\":443\"; ma=2592000,h3-T051=\":443\"; ma=2592000,h3-Q050=\":443\"; ma=2592000,h3-Q046=\":443\"; ma=2592000,h3-Q043=\":443\"; ma=2592000,quic=\":443\"; ma=2592000; v=\"46,43\"","accept-ranges":"none","transfer-encoding":"chunked"}
[debug] [2021-02-03T18:33:38.779Z] > refreshing access token with scopes: []
[debug] [2021-02-03T18:33:38.779Z] >>> HTTP REQUEST POST https://www.googleapis.com/oauth2/v3/token  
 <request body omitted>
[debug] [2021-02-03T18:33:39.207Z] <<< HTTP RESPONSE 200 {"date":"Wed, 03 Feb 2021 18:33:40 GMT","cache-control":"no-cache, no-store, max-age=0, must-revalidate","pragma":"no-cache","expires":"Mon, 01 Jan 1990 00:00:00 GMT","content-type":"application/json; charset=utf-8","vary":"X-Origin, Referer, Origin,Accept-Encoding","server":"scaffolding on HTTPServer2","x-xss-protection":"0","x-frame-options":"SAMEORIGIN","x-content-type-options":"nosniff","alt-svc":"h3-29=\":443\"; ma=2592000,h3-T051=\":443\"; ma=2592000,h3-Q050=\":443\"; ma=2592000,h3-Q046=\":443\"; ma=2592000,h3-Q043=\":443\"; ma=2592000,quic=\":443\"; ma=2592000; v=\"46,43\"","accept-ranges":"none","transfer-encoding":"chunked"}
[debug] [2021-02-03T18:33:39.213Z] >>> [apiv2][query] GET https://firebase.googleapis.com/v1beta1/projects/flutter-firebase-learnin-f2cae [none]
[debug] [2021-02-03T18:33:40.064Z] <<< [apiv2][status] GET https://firebase.googleapis.com/v1beta1/projects/flutter-firebase-learnin-f2cae 200
[debug] [2021-02-03T18:33:40.064Z] <<< [apiv2][body] GET https://firebase.googleapis.com/v1beta1/projects/flutter-firebase-learnin-f2cae {"projectId":"flutter-firebase-learnin-f2cae","projectNumber":"162279082779","displayName":"Flutter Firebase Learning","name":"projects/flutter-firebase-learnin-f2cae","resources":{"hostingSite":"flutter-firebase-learnin-f2cae","realtimeDatabaseInstance":"flutter-firebase-learnin-f2cae-default-rtdb"},"state":"ACTIVE"}
[debug] [2021-02-03T18:33:40.065Z] >>> [apiv2][query] GET https://firebase.googleapis.com/v1beta1/projects/flutter-firebase-learnin-f2cae [none]
[debug] [2021-02-03T18:33:40.701Z] <<< [apiv2][status] GET https://firebase.googleapis.com/v1beta1/projects/flutter-firebase-learnin-f2cae 200
[debug] [2021-02-03T18:33:40.701Z] <<< [apiv2][body] GET https://firebase.googleapis.com/v1beta1/projects/flutter-firebase-learnin-f2cae {"projectId":"flutter-firebase-learnin-f2cae","projectNumber":"162279082779","displayName":"Flutter Firebase Learning","name":"projects/flutter-firebase-learnin-f2cae","resources":{"hostingSite":"flutter-firebase-learnin-f2cae","realtimeDatabaseInstance":"flutter-firebase-learnin-f2cae-default-rtdb"},"state":"ACTIVE"}
[info] 
[info] === Deploying to 'flutter-firebase-learnin-f2cae'...
[info] 
[info] i  deploying database, hosting 
[info] i  database: checking rules syntax... 
[debug] [2021-02-03T18:33:40.722Z] > refreshing access token with scopes: ["email","https://www.googleapis.com/auth/cloud-platform","https://www.googleapis.com/auth/cloudplatformprojects.readonly","https://www.googleapis.com/auth/firebase","openid"]
[debug] [2021-02-03T18:33:40.723Z] >>> HTTP REQUEST POST https://www.googleapis.com/oauth2/v3/token  
 <request body omitted>
[debug] [2021-02-03T18:33:41.167Z] <<< HTTP RESPONSE 200 {"date":"Wed, 03 Feb 2021 18:33:42 GMT","pragma":"no-cache","expires":"Mon, 01 Jan 1990 00:00:00 GMT","cache-control":"no-cache, no-store, max-age=0, must-revalidate","content-type":"application/json; charset=utf-8","vary":"X-Origin, Referer, Origin,Accept-Encoding","server":"scaffolding on HTTPServer2","x-xss-protection":"0","x-frame-options":"SAMEORIGIN","x-content-type-options":"nosniff","alt-svc":"h3-29=\":443\"; ma=2592000,h3-T051=\":443\"; ma=2592000,h3-Q050=\":443\"; ma=2592000,h3-Q046=\":443\"; ma=2592000,h3-Q043=\":443\"; ma=2592000,quic=\":443\"; ma=2592000; v=\"46,43\"","accept-ranges":"none","transfer-encoding":"chunked"}
[debug] [2021-02-03T18:33:41.170Z] >>> HTTP REQUEST GET https://firebasedatabase.googleapis.com/v1beta/projects/flutter-firebase-learnin-f2cae/locations/-/instances/flutter-firebase-learnin-f2cae-default-rtdb  
 
[debug] [2021-02-03T18:33:41.978Z] <<< HTTP RESPONSE 200 {"content-type":"application/json; charset=UTF-8","vary":"X-Origin, Referer, Origin,Accept-Encoding","date":"Wed, 03 Feb 2021 18:33:43 GMT","server":"ESF","cache-control":"private","x-xss-protection":"0","x-frame-options":"SAMEORIGIN","x-content-type-options":"nosniff","alt-svc":"h3-29=\":443\"; ma=2592000,h3-T051=\":443\"; ma=2592000,h3-Q050=\":443\"; ma=2592000,h3-Q046=\":443\"; ma=2592000,h3-Q043=\":443\"; ma=2592000,quic=\":443\"; ma=2592000; v=\"46,43\"","accept-ranges":"none","transfer-encoding":"chunked"}
[debug] [2021-02-03T18:33:41.980Z] >>> HTTP REQUEST PUT https://flutter-firebase-learnin-f2cae-default-rtdb.firebaseio.com/.settings/rules.json?dryRun=true  
 {
  "rules": {
    ".read": "auth !== null",  
    ".write": "auth !== null"
  }
}
[debug] [2021-02-03T18:33:43.574Z] <<< HTTP RESPONSE 200 {"server":"nginx","date":"Wed, 03 Feb 2021 18:33:44 GMT","content-type":"application/json; charset=utf-8","content-length":"15","connection":"keep-alive","access-control-allow-origin":"*","cache-control":"no-cache","strict-transport-security":"max-age=31556926; includeSubDomains; preload"}
[info] +  database: rules syntax for database flutter-firebase-learnin-f2cae-default-rtdb is valid 
[debug] [2021-02-03T18:33:43.577Z] >>> HTTP REQUEST POST https://firebasehosting.googleapis.com/v1beta1/sites/flutter-firebase-learnin-f2cae/versions  
 {"config":{"rewrites":[{"glob":"**","path":"/index.html"}]},"labels":{"deployment-tool":"cli-firebase"}}
[debug] [2021-02-03T18:34:04.584Z] Error: connect ETIMEDOUT 216.58.200.138:443
    at TCPConnectWrap.afterConnect [as oncomplete] (net.js:1141:16)
[error] 
[error] Error: Server Error. connect ETIMEDOUT 216.58.200.138:443
[debug] [2021-02-03T18:36:16.547Z] ----------------------------------------------------------------------
[debug] [2021-02-03T18:36:16.549Z] Command:       C:\Program Files\nodejs\node.exe C:\Users\91766\AppData\Roaming\npm\node_modules\firebase-tools\lib\bin\firebase.js deploy
[debug] [2021-02-03T18:36:16.549Z] CLI Version:   9.3.0
[debug] [2021-02-03T18:36:16.550Z] Platform:      win32
[debug] [2021-02-03T18:36:16.550Z] Node Version:  v12.16.2
[debug] [2021-02-03T18:36:16.551Z] Time:          Thu Feb 04 2021 00:06:16 GMT+0530 (India Standard Time)
[debug] [2021-02-03T18:36:16.551Z] ----------------------------------------------------------------------
[debug] [2021-02-03T18:36:16.551Z] 
[debug] [2021-02-03T18:36:16.562Z] > command requires scopes: ["email","openid","https://www.googleapis.com/auth/cloudplatformprojects.readonly","https://www.googleapis.com/auth/firebase","https://www.googleapis.com/auth/cloud-platform"]
[debug] [2021-02-03T18:36:16.563Z] > authorizing via signed-in user
[debug] [2021-02-03T18:36:16.563Z] [iam] checking project flutter-firebase-learnin-f2cae for permissions ["firebase.projects.get","firebasedatabase.instances.update","firebasehosting.sites.update"]
[debug] [2021-02-03T18:36:16.566Z] >>> HTTP REQUEST POST https://cloudresourcemanager.googleapis.com/v1/projects/flutter-firebase-learnin-f2cae:testIamPermissions  
 {"permissions":["firebase.projects.get","firebasedatabase.instances.update","firebasehosting.sites.update"]}
[debug] [2021-02-03T18:36:18.841Z] <<< HTTP RESPONSE 200 {"content-type":"application/json; charset=UTF-8","vary":"X-Origin, Referer, Origin,Accept-Encoding","date":"Wed, 03 Feb 2021 18:36:19 GMT","server":"ESF","cache-control":"private","x-xss-protection":"0","x-frame-options":"SAMEORIGIN","x-content-type-options":"nosniff","server-timing":"gfet4t7; dur=1330","alt-svc":"h3-29=\":443\"; ma=2592000,h3-T051=\":443\"; ma=2592000,h3-Q050=\":443\"; ma=2592000,h3-Q046=\":443\"; ma=2592000,h3-Q043=\":443\"; ma=2592000,quic=\":443\"; ma=2592000; v=\"46,43\"","accept-ranges":"none","transfer-encoding":"chunked"}
[debug] [2021-02-03T18:36:18.844Z] > refreshing access token with scopes: []
[debug] [2021-02-03T18:36:18.845Z] >>> HTTP REQUEST POST https://www.googleapis.com/oauth2/v3/token  
 <request body omitted>
[debug] [2021-02-03T18:36:19.218Z] <<< HTTP RESPONSE 200 {"cache-control":"no-cache, no-store, max-age=0, must-revalidate","date":"Wed, 03 Feb 2021 18:36:20 GMT","expires":"Mon, 01 Jan 1990 00:00:00 GMT","pragma":"no-cache","content-type":"application/json; charset=utf-8","vary":"X-Origin, Referer, Origin,Accept-Encoding","server":"scaffolding on HTTPServer2","x-xss-protection":"0","x-frame-options":"SAMEORIGIN","x-content-type-options":"nosniff","alt-svc":"h3-29=\":443\"; ma=2592000,h3-T051=\":443\"; ma=2592000,h3-Q050=\":443\"; ma=2592000,h3-Q046=\":443\"; ma=2592000,h3-Q043=\":443\"; ma=2592000,quic=\":443\"; ma=2592000; v=\"46,43\"","accept-ranges":"none","transfer-encoding":"chunked"}
[debug] [2021-02-03T18:36:19.223Z] >>> [apiv2][query] GET https://firebase.googleapis.com/v1beta1/projects/flutter-firebase-learnin-f2cae [none]
[debug] [2021-02-03T18:36:20.061Z] <<< [apiv2][status] GET https://firebase.googleapis.com/v1beta1/projects/flutter-firebase-learnin-f2cae 200
[debug] [2021-02-03T18:36:20.061Z] <<< [apiv2][body] GET https://firebase.googleapis.com/v1beta1/projects/flutter-firebase-learnin-f2cae {"projectId":"flutter-firebase-learnin-f2cae","projectNumber":"162279082779","displayName":"Flutter Firebase Learning","name":"projects/flutter-firebase-learnin-f2cae","resources":{"hostingSite":"flutter-firebase-learnin-f2cae","realtimeDatabaseInstance":"flutter-firebase-learnin-f2cae-default-rtdb"},"state":"ACTIVE"}
[debug] [2021-02-03T18:36:20.062Z] >>> [apiv2][query] GET https://firebase.googleapis.com/v1beta1/projects/flutter-firebase-learnin-f2cae [none]
[debug] [2021-02-03T18:36:20.691Z] <<< [apiv2][status] GET https://firebase.googleapis.com/v1beta1/projects/flutter-firebase-learnin-f2cae 200
[debug] [2021-02-03T18:36:20.691Z] <<< [apiv2][body] GET https://firebase.googleapis.com/v1beta1/projects/flutter-firebase-learnin-f2cae {"projectId":"flutter-firebase-learnin-f2cae","projectNumber":"162279082779","displayName":"Flutter Firebase Learning","name":"projects/flutter-firebase-learnin-f2cae","resources":{"hostingSite":"flutter-firebase-learnin-f2cae","realtimeDatabaseInstance":"flutter-firebase-learnin-f2cae-default-rtdb"},"state":"ACTIVE"}
[info] 
[info] === Deploying to 'flutter-firebase-learnin-f2cae'...
[info] 
[info] i  deploying database, hosting 
[info] i  database: checking rules syntax... 
[debug] [2021-02-03T18:36:20.721Z] > refreshing access token with scopes: ["email","https://www.googleapis.com/auth/cloud-platform","https://www.googleapis.com/auth/cloudplatformprojects.readonly","https://www.googleapis.com/auth/firebase","openid"]
[debug] [2021-02-03T18:36:20.721Z] >>> HTTP REQUEST POST https://www.googleapis.com/oauth2/v3/token  
 <request body omitted>
[debug] [2021-02-03T18:36:21.048Z] <<< HTTP RESPONSE 200 {"expires":"Mon, 01 Jan 1990 00:00:00 GMT","cache-control":"no-cache, no-store, max-age=0, must-revalidate","date":"Wed, 03 Feb 2021 18:36:22 GMT","pragma":"no-cache","content-type":"application/json; charset=utf-8","vary":"X-Origin, Referer, Origin,Accept-Encoding","server":"scaffolding on HTTPServer2","x-xss-protection":"0","x-frame-options":"SAMEORIGIN","x-content-type-options":"nosniff","alt-svc":"h3-29=\":443\"; ma=2592000,h3-T051=\":443\"; ma=2592000,h3-Q050=\":443\"; ma=2592000,h3-Q046=\":443\"; ma=2592000,h3-Q043=\":443\"; ma=2592000,quic=\":443\"; ma=2592000; v=\"46,43\"","accept-ranges":"none","transfer-encoding":"chunked"}
[debug] [2021-02-03T18:36:21.052Z] >>> HTTP REQUEST GET https://firebasedatabase.googleapis.com/v1beta/projects/flutter-firebase-learnin-f2cae/locations/-/instances/flutter-firebase-learnin-f2cae-default-rtdb  
 
[debug] [2021-02-03T18:36:22.297Z] <<< HTTP RESPONSE 200 {"content-type":"application/json; charset=UTF-8","vary":"X-Origin, Referer, Origin,Accept-Encoding","date":"Wed, 03 Feb 2021 18:36:23 GMT","server":"ESF","cache-control":"private","x-xss-protection":"0","x-frame-options":"SAMEORIGIN","x-content-type-options":"nosniff","alt-svc":"h3-29=\":443\"; ma=2592000,h3-T051=\":443\"; ma=2592000,h3-Q050=\":443\"; ma=2592000,h3-Q046=\":443\"; ma=2592000,h3-Q043=\":443\"; ma=2592000,quic=\":443\"; ma=2592000; v=\"46,43\"","accept-ranges":"none","transfer-encoding":"chunked"}
[debug] [2021-02-03T18:36:22.299Z] >>> HTTP REQUEST PUT https://flutter-firebase-learnin-f2cae-default-rtdb.firebaseio.com/.settings/rules.json?dryRun=true  
 {
  "rules": {
    ".read": "auth !== null",  
    ".write": "auth !== null"
  }
}
[debug] [2021-02-03T18:36:23.894Z] <<< HTTP RESPONSE 200 {"server":"nginx","date":"Wed, 03 Feb 2021 18:36:25 GMT","content-type":"application/json; charset=utf-8","content-length":"15","connection":"keep-alive","access-control-allow-origin":"*","cache-control":"no-cache","strict-transport-security":"max-age=31556926; includeSubDomains; preload"}
[info] +  database: rules syntax for database flutter-firebase-learnin-f2cae-default-rtdb is valid 
[debug] [2021-02-03T18:36:23.897Z] >>> HTTP REQUEST POST https://firebasehosting.googleapis.com/v1beta1/sites/flutter-firebase-learnin-f2cae/versions  
 {"config":{"rewrites":[{"glob":"**","path":"/index.html"}]},"labels":{"deployment-tool":"cli-firebase"}}
[debug] [2021-02-03T18:36:44.904Z] Error: connect ETIMEDOUT 216.58.200.138:443
    at TCPConnectWrap.afterConnect [as oncomplete] (net.js:1141:16)
[error] 
[error] Error: Server Error. connect ETIMEDOUT 216.58.200.138:443
